[debug] [2018-07-01T16:34:22.087Z] ----------------------------------------------------------------------
[debug] [2018-07-01T16:34:22.087Z] Command:       C:\Program Files\nodejs\node.exe C:\Users\dm128\AppData\Roaming\npm\node_modules\firebase-tools\bin\firebase serve --only functions
[debug] [2018-07-01T16:34:22.087Z] CLI Version:   3.19.1
[debug] [2018-07-01T16:34:22.087Z] Platform:      win32
[debug] [2018-07-01T16:34:22.087Z] Node Version:  v8.11.3
[debug] [2018-07-01T16:34:22.103Z] Time:          Sun Jul 01 2018 10:34:22 GMT-0600 (Hora estándar, América Central)
[debug] [2018-07-01T16:34:22.103Z] ----------------------------------------------------------------------
[debug] 
[debug] [2018-07-01T16:34:22.103Z] > command requires scopes: ["email","openid","https://www.googleapis.com/auth/cloudplatformprojects.readonly","https://www.googleapis.com/auth/firebase","https://www.googleapis.com/auth/cloud-platform"]
[debug] [2018-07-01T16:34:22.103Z] > authorizing via signed-in user
[debug] [2018-07-01T16:34:22.103Z] >>> HTTP REQUEST GET https://admin.firebase.com/v1/projects/b4us-e9e2a  
  
 Sun Jul 01 2018 10:34:22 GMT-0600 (Hora estándar, América Central)
[debug] [2018-07-01T16:34:22.635Z] <<< HTTP RESPONSE 200
[debug] [2018-07-01T16:34:22.635Z] >>> HTTP REQUEST GET https://admin.firebase.com/v1/database/b4us-e9e2a/tokens  
  
 Sun Jul 01 2018 10:34:22 GMT-0600 (Hora estándar, América Central)
[debug] [2018-07-01T16:34:23.135Z] <<< HTTP RESPONSE 200
[debug] [2018-07-01T16:34:23.135Z] >>> HTTP REQUEST GET https://cloudresourcemanager.googleapis.com/v1/projects/b4us-e9e2a  
  
 Sun Jul 01 2018 10:34:23 GMT-0600 (Hora estándar, América Central)
[debug] [2018-07-01T16:34:23.525Z] <<< HTTP RESPONSE 200
[info] 
[info] === Serving from 'C:\Users\dm128\Documents\GitHub\Be4Us'...
[info] 
[info] i  functions: Preparing to emulate functions.
[debug] [2018-07-01T16:34:24.665Z] Fetching environment
[debug] [2018-07-01T16:34:24.665Z] >>> HTTP REQUEST GET https://mobilesdk-pa.googleapis.com/v1/projects/229628115831:getServerAppConfig  
  
 Sun Jul 01 2018 10:34:24 GMT-0600 (Hora estándar, América Central)
[debug] [2018-07-01T16:34:25.227Z] <<< HTTP RESPONSE 200
[debug] [2018-07-01T16:34:25.227Z] Starting @google-cloud/functions-emulator
[debug] [2018-07-01T16:34:27.478Z] Parsing function triggers
[info] +  functions: confirmLoginThirdParty: http://localhost:5000/b4us-e9e2a/us-central1/confirmLoginThirdParty
[info] +  functions: confirmLogin: http://localhost:5000/b4us-e9e2a/us-central1/confirmLogin
[info] +  functions: addProyect: http://localhost:5000/b4us-e9e2a/us-central1/addProyect
[info] +  functions: signUpThirdParty: http://localhost:5000/b4us-e9e2a/us-central1/signUpThirdParty
[info] +  functions: signUp: http://localhost:5000/b4us-e9e2a/us-central1/signUp
